2020-08-09 13:41:36 1 INFO  [main] - Open browser ,Entering appliction url and maximizing browser
2020-08-09 13:41:47 11234 INFO  [main] - Verify 'Living' Menu is visible or not
2020-08-09 13:41:49 13238 INFO  [main] - verify 'Sofa set' sub Menu List(Items) from Living Menu
2020-08-09 13:41:49 13383 INFO  [main] - Verify actual 'Sofa cum Bed' text
2020-08-09 13:41:50 13931 INFO  [main] - verify 'Sofa cum Bed' sub Menu List(Items) from Living Menu
2020-08-09 13:41:50 14083 INFO  [main] - Verify actual 'Chairs' text
2020-08-09 13:41:51 14588 INFO  [main] - verify 'Chair' sub Menu List(Items) from Living Menu
2020-08-09 13:41:51 14719 INFO  [main] - Verify actual 'Tables' text
2020-08-09 13:41:51 15041 INFO  [main] - verify 'Tables' sub Menu List(Items) from Living Menu
2020-08-09 13:41:51 15138 INFO  [main] - Verify actual 'Storage' text
2020-08-09 13:41:52 15757 INFO  [main] - verify 'Storage' sub Menu List(Items) from Living Menu
2020-08-09 13:41:52 15915 INFO  [main] - Verify actual 'Balcony & Outdoor' text
2020-08-09 13:41:52 16203 INFO  [main] - verify 'Balcony & Outdoor' sub Menu List(Items) from Living Menu
2020-08-09 13:49:48 1 INFO  [main] - Open browser ,Entering appliction url and maximizing browser
2020-08-09 13:50:47 58637 INFO  [main] - Verify 'Living' Menu is visible or not
2020-08-09 13:50:47 58890 INFO  [main] - Verify actual 'Sofa Set' text
2020-08-09 13:50:48 59955 INFO  [main] - verify 'Sofa set' sub Menu List(Items) from Living Menu
2020-08-09 13:50:48 60205 INFO  [main] - Verify actual 'Sofa cum Bed' text
2020-08-09 13:50:49 60685 INFO  [main] - verify 'Sofa cum Bed' sub Menu List(Items) from Living Menu
2020-08-09 13:50:49 60830 INFO  [main] - Verify actual 'Chairs' text
2020-08-09 13:50:49 61372 INFO  [main] - verify 'Chair' sub Menu List(Items) from Living Menu
2020-08-09 13:50:49 61520 INFO  [main] - Verify actual 'Tables' text
2020-08-09 13:50:50 61900 INFO  [main] - verify 'Tables' sub Menu List(Items) from Living Menu
2020-08-09 13:50:50 62007 INFO  [main] - Verify actual 'Storage' text
2020-08-09 13:50:51 62663 INFO  [main] - verify 'Storage' sub Menu List(Items) from Living Menu
2020-08-09 13:50:51 62788 INFO  [main] - Verify actual 'Balcony & Outdoor' text
2020-08-09 13:50:51 63089 INFO  [main] - verify 'Balcony & Outdoor' sub Menu List(Items) from Living Menu
2020-08-10 06:07:15 0 INFO  [main] - Open browser ,Entering appliction url and maximizing browser
2020-08-10 06:07:27 12247 INFO  [main] - Verify 'Living' Menu is visible or not
2020-08-10 06:07:27 12472 INFO  [main] - Verify actual 'Sofa Set' text
2020-08-10 06:07:28 13453 INFO  [main] - verify 'Sofa set' sub Menu List(Items) from Living Menu
2020-08-10 06:07:28 13615 INFO  [main] - Verify actual 'Sofa cum Bed' text
2020-08-10 06:07:29 14049 INFO  [main] - verify 'Sofa cum Bed' sub Menu List(Items) from Living Menu
2020-08-10 06:07:29 14168 INFO  [main] - Verify actual 'Chairs' text
2020-08-10 06:07:30 14729 INFO  [main] - verify 'Chair' sub Menu List(Items) from Living Menu
2020-08-10 06:07:30 14849 INFO  [main] - Verify actual 'Tables' text
2020-08-10 06:07:30 15255 INFO  [main] - verify 'Tables' sub Menu List(Items) from Living Menu
2020-08-10 06:07:30 15357 INFO  [main] - Verify actual 'Storage' text
2020-08-10 06:07:31 16070 INFO  [main] - verify 'Storage' sub Menu List(Items) from Living Menu
2020-08-10 06:07:31 16188 INFO  [main] - Verify actual 'Balcony & Outdoor' text
2020-08-10 06:07:31 16502 INFO  [main] - verify 'Balcony & Outdoor' sub Menu List(Items) from Living Menu
2020-08-10 11:02:34 0 INFO  [main] - Open browser ,Entering appliction url and maximizing browser
2020-08-10 11:02:45 11025 INFO  [main] - Verify 'Living' Menu is visible or not
2020-08-10 11:02:45 11283 INFO  [main] - Verify actual 'Sofa Set' text
2020-08-10 11:02:46 12016 INFO  [main] - verify 'Sofa set' sub Menu List(Items) from Living Menu
2020-08-10 11:02:46 12293 INFO  [main] - Verify actual 'Sofa cum Bed' text
2020-08-10 11:02:46 12655 INFO  [main] - verify 'Sofa cum Bed' sub Menu List(Items) from Living Menu
2020-08-10 11:02:47 12765 INFO  [main] - Verify actual 'Chairs' text
2020-08-10 11:02:47 13156 INFO  [main] - verify 'Chair' sub Menu List(Items) from Living Menu
2020-08-10 11:02:47 13245 INFO  [main] - Verify actual 'Tables' text
2020-08-10 11:02:47 13486 INFO  [main] - verify 'Tables' sub Menu List(Items) from Living Menu
2020-08-10 11:02:47 13562 INFO  [main] - Verify actual 'Storage' text
2020-08-10 11:02:48 14006 INFO  [main] - verify 'Storage' sub Menu List(Items) from Living Menu
2020-08-10 11:02:48 14090 INFO  [main] - Verify actual 'Balcony & Outdoor' text
2020-08-10 11:02:48 14283 INFO  [main] - verify 'Balcony & Outdoor' sub Menu List(Items) from Living Menu
2020-08-10 17:21:33 0 INFO  [main] - Open browser ,Entering appliction url and maximizing browser
2020-08-10 17:21:44 11149 INFO  [main] - Verify 'Bedroom' Menu is visible or not
2020-08-10 17:56:21 0 INFO  [main] - Open browser ,Entering appliction url and maximizing browser
2020-08-10 17:56:32 10882 INFO  [main] - Verify 'Bedroom' Menu is visible or not
2020-08-10 17:56:34 12227 INFO  [main] - Verify actual 'Mattresses' text
2020-08-10 17:59:23 0 INFO  [main] - Open browser ,Entering appliction url and maximizing browser
2020-08-10 17:59:33 10787 INFO  [main] - Verify 'Bedroom' Menu is visible or not
2020-08-10 17:59:35 11925 INFO  [main] - Verify actual 'Mattresses' text
2020-08-10 18:12:13 0 INFO  [main] - Open browser ,Entering appliction url and maximizing browser
2020-08-10 18:12:24 10908 INFO  [main] - Verify 'Living' Menu is visible or not
2020-08-10 18:12:25 11721 INFO  [main] - verify 'Sofa set' sub Menu List(Items) from Living Menu
2020-08-10 18:12:25 11809 INFO  [main] - Verify actual 'Sofa cum Bed' text
2020-08-10 18:12:25 12052 INFO  [main] - verify 'Sofa cum Bed' sub Menu List(Items) from Living Menu
2020-08-10 18:12:25 12126 INFO  [main] - Verify actual 'Chairs' text
2020-08-10 18:12:25 12453 INFO  [main] - verify 'Chair' sub Menu List(Items) from Living Menu
2020-08-10 18:12:25 12607 INFO  [main] - Verify actual 'Tables' text
2020-08-10 18:12:26 12838 INFO  [main] - verify 'Tables' sub Menu List(Items) from Living Menu
2020-08-10 18:12:26 12908 INFO  [main] - Verify actual 'Storage' text
2020-08-10 18:12:26 13358 INFO  [main] - verify 'Storage' sub Menu List(Items) from Living Menu
2020-08-10 18:12:26 13459 INFO  [main] - Verify actual 'Balcony & Outdoor' text
2020-08-10 18:12:26 13687 INFO  [main] - verify 'Balcony & Outdoor' sub Menu List(Items) from Living Menu
2020-08-10 18:14:26 0 INFO  [main] - Open browser ,Entering appliction url and maximizing browser
2020-08-10 18:14:37 10904 INFO  [main] - Verify 'Bedroom' Menu is visible or not
2020-08-10 18:14:38 12048 INFO  [main] - Verify actual 'Mattresses' text
2020-08-10 18:16:17 0 INFO  [main] - Open browser ,Entering appliction url and maximizing browser
2020-08-10 18:16:28 10956 INFO  [main] - Verify 'Bedroom' Menu is visible or not
2020-08-10 18:16:30 12394 INFO  [main] - verify 'Beds' sub Menu List(Items) from Bedroom Menu
2020-08-10 18:16:30 12613 INFO  [main] - Verify actual 'Mattresses' text
2020-08-10 18:16:30 12945 INFO  [main] - verify 'Mattresses' sub Menu List(Items) from Bedroom Menu
2020-08-10 18:21:23 0 INFO  [main] - Open browser ,Entering appliction url and maximizing browser
2020-08-10 18:21:34 10947 INFO  [main] - Verify 'Bedroom' Menu is visible or not
2020-08-10 18:21:35 12003 INFO  [main] - verify 'Beds' sub Menu List(Items) from Bedroom Menu
2020-08-10 18:21:35 12081 INFO  [main] - Verify actual 'Mattresses' text
2020-08-10 18:21:36 12535 INFO  [main] - verify 'Mattresses' sub Menu List(Items) from Bedroom Menu
2020-08-10 18:24:56 0 INFO  [main] - Open browser ,Entering appliction url and maximizing browser
2020-08-10 18:25:07 10822 INFO  [main] - Verify 'Bedroom' Menu is visible or not
2020-08-10 18:25:08 11917 INFO  [main] - verify 'Beds' sub Menu List(Items) from Bedroom Menu
2020-08-10 18:25:08 11989 INFO  [main] - Verify actual 'Mattresses' text
2020-08-10 18:25:09 12291 INFO  [main] - verify 'Mattresses' sub Menu List(Items) from Bedroom Menu
2020-08-10 18:44:17 0 INFO  [main] - Open browser ,Entering appliction url and maximizing browser
2020-08-10 18:44:28 10916 INFO  [main] - Verify 'Bedroom' Menu is visible or not
2020-08-10 18:44:29 12324 INFO  [main] - verify 'Beds' sub Menu List(Items) from Bedroom Menu
2020-08-10 18:44:29 12488 INFO  [main] - Verify actual 'Mattresses' text
2020-08-10 18:44:30 13220 INFO  [main] - verify 'Mattresses' sub Menu List(Items) from Bedroom Menu
2020-08-10 18:44:30 13294 INFO  [main] - Verify actual 'Storage & Accessories' text
2020-08-10 18:44:30 13542 INFO  [main] - verify 'Storage & Accessories' sub Menu List(Items) from Bedroom Menu
2020-08-10 18:47:55 0 INFO  [main] - Open browser ,Entering appliction url and maximizing browser
2020-08-10 18:48:06 10914 INFO  [main] - Verify 'Bedroom' Menu is visible or not
2020-08-10 18:48:08 12432 INFO  [main] - verify 'Beds' sub Menu List(Items) from Bedroom Menu
2020-08-10 18:48:08 12507 INFO  [main] - Verify actual 'Mattresses' text
2020-08-10 18:48:08 12802 INFO  [main] - verify 'Mattresses' sub Menu List(Items) from Bedroom Menu
2020-08-10 18:48:08 12870 INFO  [main] - Verify actual 'Storage & Accessories' text
2020-08-10 18:48:08 13122 INFO  [main] - verify 'Storage & Accessories' sub Menu List(Items) from Bedroom Menu
2020-08-10 18:52:25 0 INFO  [main] - Open browser ,Entering appliction url and maximizing browser
2020-08-10 18:52:36 10821 INFO  [main] - Verify 'Bedroom' Menu is visible or not
2020-08-10 18:52:37 11869 INFO  [main] - verify 'Beds' sub Menu List(Items) from Bedroom Menu
2020-08-10 18:52:37 11947 INFO  [main] - Verify actual 'Mattresses' text
2020-08-10 18:52:37 12259 INFO  [main] - verify 'Mattresses' sub Menu List(Items) from Bedroom Menu
2020-08-10 18:52:37 12338 INFO  [main] - Verify actual 'Storage & Accessories' text
2020-08-10 18:52:38 12633 INFO  [main] - verify 'Storage & Accessories' sub Menu List(Items) from Bedroom Menu
2020-08-10 18:59:06 0 INFO  [main] - Open browser ,Entering appliction url and maximizing browser
2020-08-10 18:59:17 10989 INFO  [main] - Verify 'Bedroom' Menu is visible or not
2020-08-10 18:59:18 12246 INFO  [main] - verify 'Beds' sub Menu List(Items) from Bedroom Menu
2020-08-10 18:59:19 12391 INFO  [main] - Verify actual 'Mattresses' text
2020-08-10 18:59:19 12705 INFO  [main] - verify 'Mattresses' sub Menu List(Items) from Bedroom Menu
2020-08-10 18:59:19 12905 INFO  [main] - Verify actual 'Storage & Accessories' text
2020-08-10 18:59:20 13372 INFO  [main] - verify 'Storage & Accessories' sub Menu List(Items) from Bedroom Menu
2020-08-10 18:59:20 13450 INFO  [main] - Verify actual 'Kids Bedroom' text
2020-08-10 19:39:22 0 INFO  [main] - Open browser ,Entering appliction url and maximizing browser
2020-08-10 19:39:33 11008 INFO  [main] - Verify 'Bedroom' Menu is visible or not
2020-08-10 19:39:34 12205 INFO  [main] - verify 'Beds' sub Menu List(Items) from Bedroom Menu
2020-08-10 19:39:34 12304 INFO  [main] - Verify actual 'Mattresses' text
2020-08-10 19:39:34 12663 INFO  [main] - verify 'Mattresses' sub Menu List(Items) from Bedroom Menu
2020-08-10 19:39:34 12900 INFO  [main] - Verify actual 'Storage & Accessories' text
2020-08-10 19:39:35 13515 INFO  [main] - verify 'Storage & Accessories' sub Menu List(Items) from Bedroom Menu
2020-08-10 19:39:35 13592 INFO  [main] - Verify actual 'Kids Bedroom' text
2020-08-10 19:39:35 13704 INFO  [main] - verify 'Kids Bedroom' sub Menu List(Items) from Bedroom Menu
2020-08-10 20:04:09 0 INFO  [main] - Open browser ,Entering appliction url and maximizing browser
2020-08-10 20:04:20 11112 INFO  [main] - Verify 'Bedroom' Menu is visible or not
2020-08-10 20:04:21 12121 INFO  [main] - verify 'Beds' sub Menu List(Items) from Bedroom Menu
2020-08-10 20:04:21 12196 INFO  [main] - Verify actual 'Mattresses' text
2020-08-10 20:04:21 12612 INFO  [main] - verify 'Mattresses' sub Menu List(Items) from Bedroom Menu
2020-08-10 20:04:21 12780 INFO  [main] - Verify actual 'Storage & Accessories' text
2020-08-10 20:04:22 13200 INFO  [main] - verify 'Storage & Accessories' sub Menu List(Items) from Bedroom Menu
2020-08-10 20:04:22 13275 INFO  [main] - Verify actual 'Kids Bedroom' text
2020-08-10 20:04:22 13392 INFO  [main] - verify 'Kids Bedroom' sub Menu List(Items) from Bedroom Menu
2020-08-10 20:05:56 0 INFO  [main] - Open browser ,Entering appliction url and maximizing browser
2020-08-10 20:06:07 11013 INFO  [main] - Verify 'Bedroom' Menu is visible or not
2020-08-10 20:06:10 14215 INFO  [main] - Verify actual 'Beds' text
2020-08-10 20:06:11 14956 INFO  [main] - verify 'Beds' sub Menu List(Items) from Bedroom Menu
2020-08-10 20:06:11 15035 INFO  [main] - Verify actual 'Mattresses' text
2020-08-10 20:06:11 15331 INFO  [main] - verify 'Mattresses' sub Menu List(Items) from Bedroom Menu
2020-08-10 20:06:11 15433 INFO  [main] - Verify actual 'Storage & Accessories' text
2020-08-10 20:06:12 15693 INFO  [main] - verify 'Storage & Accessories' sub Menu List(Items) from Bedroom Menu
2020-08-10 20:06:12 15773 INFO  [main] - Verify actual 'Kids Bedroom' text
2020-08-10 20:06:12 15928 INFO  [main] - verify 'Kids Bedroom' sub Menu List(Items) from Bedroom Menu
2020-08-11 18:23:59 0 INFO  [main] - Open browser ,Entering appliction url and maximizing browser
2020-08-11 18:24:10 11109 INFO  [main] - Verify 'Bedroom' Menu is visible or not
2020-08-11 18:24:14 14263 INFO  [main] - Verify actual 'Beds' text
2020-08-11 18:24:14 14997 INFO  [main] - verify 'Beds' sub Menu List(Items) from Bedroom Menu
2020-08-11 18:24:14 15128 INFO  [main] - Verify actual 'Mattresses' text
2020-08-11 18:24:15 15467 INFO  [main] - verify 'Mattresses' sub Menu List(Items) from Bedroom Menu
2020-08-11 18:24:15 15580 INFO  [main] - Verify actual 'Storage & Accessories' text
2020-08-11 18:24:15 15932 INFO  [main] - verify 'Storage & Accessories' sub Menu List(Items) from Bedroom Menu
2020-08-11 18:24:15 16054 INFO  [main] - Verify actual 'Kids Bedroom' text
2020-08-11 18:24:16 16197 INFO  [main] - verify 'Kids Bedroom' sub Menu List(Items) from Bedroom Menu
2020-08-11 18:52:26 0 INFO  [main] - Open browser ,Entering appliction url and maximizing browser
2020-08-11 18:52:37 11044 INFO  [main] - Verify 'Bedroom' Menu is visible or not
2020-08-11 18:52:40 14157 INFO  [main] - Verify actual 'Beds' text
2020-08-11 18:52:41 15033 INFO  [main] - verify 'Beds' sub Menu List(Items) from Bedroom Menu
2020-08-11 18:52:41 15124 INFO  [main] - Verify actual 'Mattresses' text
2020-08-11 18:52:41 15478 INFO  [main] - verify 'Mattresses' sub Menu List(Items) from Bedroom Menu
2020-08-11 18:52:41 15558 INFO  [main] - Verify actual 'Storage & Accessories' text
2020-08-11 18:52:41 15874 INFO  [main] - verify 'Storage & Accessories' sub Menu List(Items) from Bedroom Menu
2020-08-11 18:52:42 15955 INFO  [main] - Verify actual 'Kids Bedroom' text
2020-08-11 18:52:42 16085 INFO  [main] - verify 'Kids Bedroom' sub Menu List(Items) from Bedroom Menu
2020-08-11 18:55:47 0 INFO  [main] - Open browser ,Entering appliction url and maximizing browser
2020-08-11 18:55:58 10857 INFO  [main] - Verify 'Bedroom' Menu is visible or not
2020-08-11 18:56:01 13936 INFO  [main] - Verify actual 'Beds' text
2020-08-11 18:56:02 14632 INFO  [main] - verify 'Beds' sub Menu List(Items) from Bedroom Menu
2020-08-11 18:56:02 14716 INFO  [main] - Verify actual 'Mattresses' text
2020-08-11 18:56:02 15042 INFO  [main] - verify 'Mattresses' sub Menu List(Items) from Bedroom Menu
2020-08-11 18:56:02 15119 INFO  [main] - Verify actual 'Storage & Accessories' text
2020-08-11 18:56:02 15394 INFO  [main] - verify 'Storage & Accessories' sub Menu List(Items) from Bedroom Menu
2020-08-11 18:56:02 15469 INFO  [main] - Verify actual 'Kids Bedroom' text
2020-08-11 18:56:03 15634 INFO  [main] - verify 'Kids Bedroom' sub Menu List(Items) from Bedroom Menu
2020-08-11 18:57:02 0 INFO  [main] - Open browser ,Entering appliction url and maximizing browser
2020-08-11 18:57:13 11004 INFO  [main] - Verify 'Bedroom' Menu is visible or not
2020-08-11 18:57:17 14082 INFO  [main] - Verify actual 'Beds' text
2020-08-11 18:57:17 14792 INFO  [main] - verify 'Beds' sub Menu List(Items) from Bedroom Menu
2020-08-11 18:57:17 14867 INFO  [main] - Verify actual 'Mattresses' text
2020-08-11 18:57:18 15175 INFO  [main] - verify 'Mattresses' sub Menu List(Items) from Bedroom Menu
2020-08-11 18:57:18 15253 INFO  [main] - Verify actual 'Storage & Accessories' text
2020-08-11 18:57:18 15525 INFO  [main] - verify 'Storage & Accessories' sub Menu List(Items) from Bedroom Menu
2020-08-11 18:57:18 15635 INFO  [main] - Verify actual 'Kids Bedroom' text
2020-08-11 18:57:18 15764 INFO  [main] - verify 'Kids Bedroom' sub Menu List(Items) from Bedroom Menu
2020-08-12 17:02:09 1 INFO  [main] - Open browser ,Entering appliction url and maximizing browser
2020-08-12 17:02:20 10937 INFO  [main] - Verify 'Bedroom' Menu is visible or not
2020-08-12 17:02:24 14042 INFO  [main] - Verify actual 'Beds' text
2020-08-12 17:02:24 14828 INFO  [main] - verify 'Beds' sub Menu List(Items) from Bedroom Menu
2020-08-12 17:02:24 14918 INFO  [main] - Verify actual 'Mattresses' text
2020-08-12 17:02:25 15215 INFO  [main] - verify 'Mattresses' sub Menu List(Items) from Bedroom Menu
2020-08-12 17:02:25 15296 INFO  [main] - Verify actual 'Storage & Accessories' text
2020-08-12 17:02:25 15555 INFO  [main] - verify 'Storage & Accessories' sub Menu List(Items) from Bedroom Menu
2020-08-12 17:02:25 15638 INFO  [main] - Verify actual 'Kids Bedroom' text
2020-08-12 17:02:25 15768 INFO  [main] - verify 'Kids Bedroom' sub Menu List(Items) from Bedroom Menu
2020-08-12 17:03:32 0 INFO  [main] - Open browser ,Entering appliction url and maximizing browser
2020-08-12 17:03:43 10889 INFO  [main] - Verify 'Bedroom' Menu is visible or not
2020-08-12 17:03:46 13963 INFO  [main] - Verify actual 'Beds' text
2020-08-12 17:03:47 14765 INFO  [main] - verify 'Beds' sub Menu List(Items) from Bedroom Menu
2020-08-12 17:03:47 14879 INFO  [main] - Verify actual 'Mattresses' text
2020-08-12 17:03:47 15244 INFO  [main] - verify 'Mattresses' sub Menu List(Items) from Bedroom Menu
2020-08-12 17:03:47 15344 INFO  [main] - Verify actual 'Storage & Accessories' text
2020-08-12 17:03:47 15678 INFO  [main] - verify 'Storage & Accessories' sub Menu List(Items) from Bedroom Menu
2020-08-12 17:03:48 15807 INFO  [main] - Verify actual 'Kids Bedroom' text
2020-08-12 17:03:48 15991 INFO  [main] - verify 'Kids Bedroom' sub Menu List(Items) from Bedroom Menu
2020-08-13 13:26:59 0 INFO  [main] - Open browser ,Entering appliction url and maximizing browser
2020-08-13 13:27:10 11051 INFO  [main] - Verify 'Bedroom' Menu is visible or not
2020-08-13 13:27:14 14137 INFO  [main] - Verify actual 'Beds' text
2020-08-13 13:27:14 14871 INFO  [main] - verify 'Beds' sub Menu List(Items) from Bedroom Menu
2020-08-13 13:27:14 14972 INFO  [main] - Verify actual 'Mattresses' text
2020-08-13 13:27:15 15323 INFO  [main] - verify 'Mattresses' sub Menu List(Items) from Bedroom Menu
2020-08-13 13:27:15 15405 INFO  [main] - Verify actual 'Storage & Accessories' text
2020-08-13 13:27:15 15733 INFO  [main] - verify 'Storage & Accessories' sub Menu List(Items) from Bedroom Menu
2020-08-13 13:27:15 15815 INFO  [main] - Verify actual 'Kids Bedroom' text
2020-08-13 13:27:16 16151 INFO  [main] - verify 'Kids Bedroom' sub Menu List(Items) from Bedroom Menu
2020-08-13 13:28:17 0 INFO  [main] - Open browser ,Entering appliction url and maximizing browser
2020-08-13 13:28:28 10965 INFO  [main] - Verify 'Bedroom' Menu is visible or not
2020-08-13 13:28:32 14038 INFO  [main] - Verify actual 'Beds' text
2020-08-13 13:28:32 14737 INFO  [main] - verify 'Beds' sub Menu List(Items) from Bedroom Menu
2020-08-13 13:28:32 14812 INFO  [main] - Verify actual 'Mattresses' text
2020-08-13 13:28:33 15104 INFO  [main] - verify 'Mattresses' sub Menu List(Items) from Bedroom Menu
2020-08-13 13:28:33 15177 INFO  [main] - Verify actual 'Storage & Accessories' text
2020-08-13 13:28:33 15420 INFO  [main] - verify 'Storage & Accessories' sub Menu List(Items) from Bedroom Menu
2020-08-13 13:28:33 15581 INFO  [main] - Verify actual 'Kids Bedroom' text
2020-08-13 13:28:33 15715 INFO  [main] - verify 'Kids Bedroom' sub Menu List(Items) from Bedroom Menu
2020-08-13 13:29:32 0 INFO  [main] - Open browser ,Entering appliction url and maximizing browser
2020-08-13 13:29:43 10845 INFO  [main] - Verify 'Bedroom' Menu is visible or not
2020-08-13 13:29:46 13922 INFO  [main] - Verify actual 'Beds' text
2020-08-13 13:29:46 14622 INFO  [main] - verify 'Beds' sub Menu List(Items) from Bedroom Menu
2020-08-13 13:29:47 14694 INFO  [main] - Verify actual 'Mattresses' text
2020-08-13 13:29:47 14987 INFO  [main] - verify 'Mattresses' sub Menu List(Items) from Bedroom Menu
2020-08-13 13:29:47 15062 INFO  [main] - Verify actual 'Storage & Accessories' text
2020-08-13 13:29:47 15315 INFO  [main] - verify 'Storage & Accessories' sub Menu List(Items) from Bedroom Menu
2020-08-13 13:29:47 15418 INFO  [main] - Verify actual 'Kids Bedroom' text
2020-08-13 13:29:47 15546 INFO  [main] - verify 'Kids Bedroom' sub Menu List(Items) from Bedroom Menu
2020-08-13 13:31:17 0 INFO  [main] - Open browser ,Entering appliction url and maximizing browser
2020-08-13 13:31:28 10855 INFO  [main] - Verify 'Bedroom' Menu is visible or not
2020-08-13 13:31:31 13931 INFO  [main] - Verify actual 'Beds' text
2020-08-13 13:31:31 14624 INFO  [main] - verify 'Beds' sub Menu List(Items) from Bedroom Menu
2020-08-13 13:31:31 14699 INFO  [main] - Verify actual 'Mattresses' text
2020-08-13 13:31:32 14992 INFO  [main] - verify 'Mattresses' sub Menu List(Items) from Bedroom Menu
2020-08-13 13:31:32 15069 INFO  [main] - Verify actual 'Storage & Accessories' text
2020-08-13 13:31:32 15324 INFO  [main] - verify 'Storage & Accessories' sub Menu List(Items) from Bedroom Menu
2020-08-13 13:31:32 15405 INFO  [main] - Verify actual 'Kids Bedroom' text
2020-08-13 13:31:32 15565 INFO  [main] - verify 'Kids Bedroom' sub Menu List(Items) from Bedroom Menu
2020-08-13 13:32:32 0 INFO  [main] - Open browser ,Entering appliction url and maximizing browser
2020-08-13 13:32:43 10839 INFO  [main] - Verify 'Bedroom' Menu is visible or not
2020-08-13 13:32:46 13913 INFO  [main] - Verify actual 'Beds' text
2020-08-13 13:32:47 14582 INFO  [main] - verify 'Beds' sub Menu List(Items) from Bedroom Menu
2020-08-13 13:32:47 14653 INFO  [main] - Verify actual 'Mattresses' text
2020-08-13 13:32:47 14942 INFO  [main] - verify 'Mattresses' sub Menu List(Items) from Bedroom Menu
2020-08-13 13:32:47 15042 INFO  [main] - Verify actual 'Storage & Accessories' text
2020-08-13 13:32:47 15298 INFO  [main] - verify 'Storage & Accessories' sub Menu List(Items) from Bedroom Menu
2020-08-13 13:32:47 15369 INFO  [main] - Verify actual 'Kids Bedroom' text
2020-08-13 13:32:47 15490 INFO  [main] - verify 'Kids Bedroom' sub Menu List(Items) from Bedroom Menu
2020-08-13 18:20:36 0 INFO  [main] - Open browser ,Entering appliction url and maximizing browser
2020-08-13 18:20:47 11010 INFO  [main] - Verify 'Bedroom' Menu is visible or not
2020-08-13 18:23:40 0 INFO  [main] - Open browser ,Entering appliction url and maximizing browser
2020-08-13 18:23:51 10836 INFO  [main] - Verify 'Bedroom' Menu is visible or not
2020-08-13 18:24:57 0 INFO  [main] - Open browser ,Entering appliction url and maximizing browser
2020-08-13 18:25:08 10839 INFO  [main] - Verify 'Bedroom' Menu is visible or not
2020-08-13 18:26:10 0 INFO  [main] - Open browser ,Entering appliction url and maximizing browser
2020-08-13 18:26:21 11001 INFO  [main] - Verify 'Bedroom' Menu is visible or not
2020-08-13 18:28:05 0 INFO  [main] - Open browser ,Entering appliction url and maximizing browser
2020-08-13 18:28:16 10794 INFO  [main] - Verify 'Bedroom' Menu is visible or not
2020-08-13 18:33:37 0 INFO  [main] - Open browser ,Entering appliction url and maximizing browser
2020-08-13 18:33:48 10841 INFO  [main] - Verify 'Bedroom' Menu is visible or not
2020-08-13 18:48:01 0 INFO  [main] - Open browser ,Entering appliction url and maximizing browser
2020-08-13 18:48:12 10956 INFO  [main] - Verify 'Bedroom' Menu is visible or not
2020-08-13 18:50:26 0 INFO  [main] - Open browser ,Entering appliction url and maximizing browser
2020-08-13 18:50:37 11284 INFO  [main] - Verify 'Bedroom' Menu is visible or not
2020-08-13 18:51:31 1 INFO  [main] - Open browser ,Entering appliction url and maximizing browser
2020-08-13 18:51:42 10764 INFO  [main] - Verify 'Bedroom' Menu is visible or not
2020-08-13 18:52:53 0 INFO  [main] - Open browser ,Entering appliction url and maximizing browser
2020-08-13 18:53:04 10869 INFO  [main] - Verify 'Bedroom' Menu is visible or not
2020-08-13 18:56:46 0 INFO  [main] - Open browser ,Entering appliction url and maximizing browser
2020-08-13 18:56:57 10772 INFO  [main] - Verify 'Bedroom' Menu is visible or not
2020-08-13 18:59:49 0 INFO  [main] - Open browser ,Entering appliction url and maximizing browser
2020-08-13 19:00:00 10971 INFO  [main] - Verify 'Bedroom' Menu is visible or not
2020-08-13 19:00:04 14046 INFO  [main] - Verify actual 'Beds' text
2020-08-13 19:00:04 14761 INFO  [main] - verify 'Beds' sub Menu List(Items) from Bedroom Menu
2020-08-13 19:00:04 14837 INFO  [main] - Verify actual 'Mattresses' text
2020-08-13 19:00:05 15120 INFO  [main] - verify 'Mattresses' sub Menu List(Items) from Bedroom Menu
2020-08-13 19:00:05 15190 INFO  [main] - Verify actual 'Storage & Accessories' text
2020-08-13 19:00:05 15433 INFO  [main] - verify 'Storage & Accessories' sub Menu List(Items) from Bedroom Menu
2020-08-13 19:00:05 15504 INFO  [main] - Verify actual 'Kids Bedroom' text
2020-08-13 19:00:05 15619 INFO  [main] - verify 'Kids Bedroom' sub Menu List(Items) from Bedroom Menu
2020-08-13 19:26:56 0 INFO  [main] - Open browser ,Entering appliction url and maximizing browser
2020-08-13 19:27:07 10841 INFO  [main] - Verify 'Bedroom' Menu is visible or not
2020-08-13 19:27:10 13916 INFO  [main] - Verify actual 'Beds' text
2020-08-13 19:27:11 14603 INFO  [main] - verify 'Beds' sub Menu List(Items) from Bedroom Menu
2020-08-13 19:27:11 14678 INFO  [main] - Verify actual 'Mattresses' text
2020-08-13 19:27:11 14961 INFO  [main] - verify 'Mattresses' sub Menu List(Items) from Bedroom Menu
2020-08-13 19:27:11 15030 INFO  [main] - Verify actual 'Storage & Accessories' text
2020-08-13 19:27:12 15277 INFO  [main] - verify 'Storage & Accessories' sub Menu List(Items) from Bedroom Menu
2020-08-13 19:27:12 15377 INFO  [main] - Verify actual 'Kids Bedroom' text
2020-08-13 19:27:12 15495 INFO  [main] - verify 'Kids Bedroom' sub Menu List(Items) from Bedroom Menu
2020-08-13 19:29:44 0 INFO  [main] - Open browser ,Entering appliction url and maximizing browser
2020-08-13 19:29:55 10818 INFO  [main] - Verify 'Bedroom' Menu is visible or not
2020-08-13 19:29:58 13895 INFO  [main] - Verify actual 'Beds' text
2020-08-13 19:29:58 14567 INFO  [main] - verify 'Beds' sub Menu List(Items) from Bedroom Menu
2020-08-13 19:29:58 14636 INFO  [main] - Verify actual 'Mattresses' text
2020-08-13 19:29:59 14925 INFO  [main] - verify 'Mattresses' sub Menu List(Items) from Bedroom Menu
2020-08-13 19:29:59 14994 INFO  [main] - Verify actual 'Storage & Accessories' text
2020-08-13 19:29:59 15238 INFO  [main] - verify 'Storage & Accessories' sub Menu List(Items) from Bedroom Menu
2020-08-13 19:29:59 15311 INFO  [main] - Verify actual 'Kids Bedroom' text
2020-08-13 19:29:59 15464 INFO  [main] - verify 'Kids Bedroom' sub Menu List(Items) from Bedroom Menu
2020-08-13 19:31:42 0 INFO  [main] - Open browser ,Entering appliction url and maximizing browser
2020-08-13 19:31:53 10772 INFO  [main] - Verify 'Bedroom' Menu is visible or not
2020-08-13 19:31:56 13847 INFO  [main] - Verify actual 'Beds' text
2020-08-13 19:31:57 14564 INFO  [main] - verify 'Beds' sub Menu List(Items) from Bedroom Menu
2020-08-13 19:31:57 14637 INFO  [main] - Verify actual 'Mattresses' text
2020-08-13 19:31:57 14924 INFO  [main] - verify 'Mattresses' sub Menu List(Items) from Bedroom Menu
2020-08-13 19:31:57 14994 INFO  [main] - Verify actual 'Storage & Accessories' text
2020-08-13 19:31:57 15239 INFO  [main] - verify 'Storage & Accessories' sub Menu List(Items) from Bedroom Menu
2020-08-13 19:31:57 15334 INFO  [main] - Verify actual 'Kids Bedroom' text
2020-08-13 19:31:57 15454 INFO  [main] - verify 'Kids Bedroom' sub Menu List(Items) from Bedroom Menu
2020-08-13 19:34:01 0 INFO  [main] - Open browser ,Entering appliction url and maximizing browser
2020-08-13 19:34:12 11133 INFO  [main] - Verify 'Bedroom' Menu is visible or not
2020-08-13 19:34:15 14235 INFO  [main] - Verify actual 'Beds' text
2020-08-13 19:34:16 14936 INFO  [main] - verify 'Beds' sub Menu List(Items) from Bedroom Menu
2020-08-13 19:34:16 15013 INFO  [main] - Verify actual 'Mattresses' text
2020-08-13 19:34:16 15297 INFO  [main] - verify 'Mattresses' sub Menu List(Items) from Bedroom Menu
2020-08-13 19:34:17 15371 INFO  [main] - Verify actual 'Storage & Accessories' text
2020-08-13 19:34:17 15654 INFO  [main] - verify 'Storage & Accessories' sub Menu List(Items) from Bedroom Menu
2020-08-13 19:34:17 15726 INFO  [main] - Verify actual 'Kids Bedroom' text
2020-08-13 19:34:17 15842 INFO  [main] - verify 'Kids Bedroom' sub Menu List(Items) from Bedroom Menu
2020-08-13 19:45:01 0 INFO  [main] - Open browser ,Entering appliction url and maximizing browser
2020-08-13 19:45:12 11012 INFO  [main] - Verify 'Bedroom' Menu is visible or not
2020-08-13 19:45:15 14092 INFO  [main] - Verify actual 'Beds' text
2020-08-13 19:45:16 14840 INFO  [main] - verify 'Beds' sub Menu List(Items) from Bedroom Menu
2020-08-13 19:45:16 14918 INFO  [main] - Verify actual 'Mattresses' text
2020-08-13 19:45:16 15262 INFO  [main] - verify 'Mattresses' sub Menu List(Items) from Bedroom Menu
2020-08-13 19:45:16 15397 INFO  [main] - Verify actual 'Storage & Accessories' text
2020-08-13 19:45:17 15665 INFO  [main] - verify 'Storage & Accessories' sub Menu List(Items) from Bedroom Menu
2020-08-13 19:45:17 15734 INFO  [main] - Verify actual 'Kids Bedroom' text
2020-08-13 19:45:17 15854 INFO  [main] - verify 'Kids Bedroom' sub Menu List(Items) from Bedroom Menu
2020-08-13 19:47:25 0 INFO  [main] - Open browser ,Entering appliction url and maximizing browser
2020-08-13 19:47:35 10819 INFO  [main] - Verify 'Bedroom' Menu is visible or not
2020-08-13 19:47:39 13893 INFO  [main] - Verify actual 'Beds' text
2020-08-13 19:47:39 14608 INFO  [main] - verify 'Beds' sub Menu List(Items) from Bedroom Menu
2020-08-13 19:47:39 14683 INFO  [main] - Verify actual 'Mattresses' text
2020-08-13 19:47:40 14964 INFO  [main] - verify 'Mattresses' sub Menu List(Items) from Bedroom Menu
2020-08-13 19:47:40 15032 INFO  [main] - Verify actual 'Storage & Accessories' text
2020-08-13 19:47:40 15274 INFO  [main] - verify 'Storage & Accessories' sub Menu List(Items) from Bedroom Menu
2020-08-13 19:47:40 15346 INFO  [main] - Verify actual 'Kids Bedroom' text
2020-08-13 19:47:40 15458 INFO  [main] - verify 'Kids Bedroom' sub Menu List(Items) from Bedroom Menu
2020-08-13 19:50:38 0 INFO  [main] - Open browser ,Entering appliction url and maximizing browser
2020-08-13 19:50:49 10872 INFO  [main] - Verify 'Bedroom' Menu is visible or not
2020-08-13 19:50:52 13958 INFO  [main] - Verify actual 'Beds' text
2020-08-13 19:50:52 14646 INFO  [main] - verify 'Beds' sub Menu List(Items) from Bedroom Menu
2020-08-13 19:50:52 14721 INFO  [main] - Verify actual 'Mattresses' text
2020-08-13 19:50:53 15032 INFO  [main] - verify 'Mattresses' sub Menu List(Items) from Bedroom Menu
2020-08-13 19:50:53 15105 INFO  [main] - Verify actual 'Storage & Accessories' text
2020-08-13 19:50:53 15367 INFO  [main] - verify 'Storage & Accessories' sub Menu List(Items) from Bedroom Menu
2020-08-13 19:50:53 15446 INFO  [main] - Verify actual 'Kids Bedroom' text
2020-08-13 19:50:53 15566 INFO  [main] - verify 'Kids Bedroom' sub Menu List(Items) from Bedroom Menu
2020-08-13 19:55:38 0 INFO  [main] - Open browser ,Entering appliction url and maximizing browser
2020-08-13 19:55:49 10795 INFO  [main] - Verify 'Bedroom' Menu is visible or not
2020-08-13 19:55:52 13876 INFO  [main] - Verify actual 'Beds' text
2020-08-13 19:55:53 14570 INFO  [main] - verify 'Beds' sub Menu List(Items) from Bedroom Menu
2020-08-13 19:55:53 14646 INFO  [main] - Verify actual 'Mattresses' text
2020-08-13 19:55:53 14955 INFO  [main] - verify 'Mattresses' sub Menu List(Items) from Bedroom Menu
2020-08-13 19:55:53 15029 INFO  [main] - Verify actual 'Storage & Accessories' text
2020-08-13 19:55:54 15287 INFO  [main] - verify 'Storage & Accessories' sub Menu List(Items) from Bedroom Menu
2020-08-13 19:55:54 15394 INFO  [main] - Verify actual 'Kids Bedroom' text
2020-08-13 19:55:54 15513 INFO  [main] - verify 'Kids Bedroom' sub Menu List(Items) from Bedroom Menu
2020-08-13 19:56:52 0 INFO  [main] - Open browser ,Entering appliction url and maximizing browser
2020-08-13 19:57:03 10810 INFO  [main] - Verify 'Bedroom' Menu is visible or not
2020-08-13 19:57:06 13885 INFO  [main] - Verify actual 'Beds' text
2020-08-13 19:57:07 14563 INFO  [main] - verify 'Beds' sub Menu List(Items) from Bedroom Menu
2020-08-13 19:57:07 14636 INFO  [main] - Verify actual 'Mattresses' text
2020-08-13 19:57:07 14925 INFO  [main] - verify 'Mattresses' sub Menu List(Items) from Bedroom Menu
2020-08-13 19:57:07 15001 INFO  [main] - Verify actual 'Storage & Accessories' text
2020-08-13 19:57:07 15308 INFO  [main] - verify 'Storage & Accessories' sub Menu List(Items) from Bedroom Menu
2020-08-13 19:57:07 15443 INFO  [main] - Verify actual 'Kids Bedroom' text
2020-08-13 19:57:08 15627 INFO  [main] - verify 'Kids Bedroom' sub Menu List(Items) from Bedroom Menu
2020-08-13 19:59:19 0 INFO  [main] - Open browser ,Entering appliction url and maximizing browser
2020-08-13 19:59:30 10795 INFO  [main] - Verify 'Bedroom' Menu is visible or not
2020-08-13 19:59:33 13884 INFO  [main] - Verify actual 'Beds' text
2020-08-13 19:59:34 14627 INFO  [main] - verify 'Beds' sub Menu List(Items) from Bedroom Menu
2020-08-13 19:59:34 14721 INFO  [main] - Verify actual 'Mattresses' text
2020-08-13 19:59:34 15053 INFO  [main] - verify 'Mattresses' sub Menu List(Items) from Bedroom Menu
2020-08-13 19:59:34 15146 INFO  [main] - Verify actual 'Storage & Accessories' text
2020-08-13 19:59:35 15438 INFO  [main] - verify 'Storage & Accessories' sub Menu List(Items) from Bedroom Menu
2020-08-13 19:59:35 15550 INFO  [main] - Verify actual 'Kids Bedroom' text
2020-08-13 19:59:35 15669 INFO  [main] - verify 'Kids Bedroom' sub Menu List(Items) from Bedroom Menu
2020-08-14 16:32:43 0 INFO  [main] - Open browser ,Entering appliction url and maximizing browser
2020-08-14 16:32:54 11119 INFO  [main] - Verify 'Bedroom' Menu is visible or not
2020-08-14 16:32:57 14199 INFO  [main] - Verify actual 'Beds' text
2020-08-14 16:32:58 14869 INFO  [main] - verify 'Beds' sub Menu List(Items) from Bedroom Menu
2020-08-14 16:32:58 14957 INFO  [main] - Verify actual 'Mattresses' text
2020-08-14 16:32:58 15259 INFO  [main] - verify 'Mattresses' sub Menu List(Items) from Bedroom Menu
2020-08-14 16:32:58 15364 INFO  [main] - Verify actual 'Storage & Accessories' text
2020-08-14 16:32:59 15664 INFO  [main] - verify 'Storage & Accessories' sub Menu List(Items) from Bedroom Menu
2020-08-14 16:32:59 15762 INFO  [main] - Verify actual 'Kids Bedroom' text
2020-08-14 16:32:59 15927 INFO  [main] - verify 'Kids Bedroom' sub Menu List(Items) from Bedroom Menu
2020-08-14 16:38:31 0 INFO  [main] - Open browser ,Entering appliction url and maximizing browser
2020-08-14 16:38:42 10881 INFO  [main] - Verify 'Bedroom' Menu is visible or not
2020-08-14 16:38:45 13952 INFO  [main] - Verify actual 'Beds' text
2020-08-14 16:38:46 14653 INFO  [main] - verify 'Beds' sub Menu List(Items) from Bedroom Menu
2020-08-14 16:38:46 14736 INFO  [main] - Verify actual 'Mattresses' text
2020-08-14 16:38:47 15033 INFO  [main] - verify 'Mattresses' sub Menu List(Items) from Bedroom Menu
2020-08-14 16:38:47 15104 INFO  [main] - Verify actual 'Storage & Accessories' text
2020-08-14 16:38:47 15386 INFO  [main] - verify 'Storage & Accessories' sub Menu List(Items) from Bedroom Menu
2020-08-14 16:38:47 15457 INFO  [main] - Verify actual 'Kids Bedroom' text
2020-08-14 16:38:47 15613 INFO  [main] - verify 'Kids Bedroom' sub Menu List(Items) from Bedroom Menu
2020-08-14 16:52:13 0 INFO  [main] - Open browser ,Entering appliction url and maximizing browser
2020-08-14 16:52:24 10946 INFO  [main] - Verify 'Bedroom' Menu is visible or not
2020-08-14 16:52:27 14028 INFO  [main] - Verify actual 'Beds' text
2020-08-14 16:52:28 14728 INFO  [main] - verify 'Beds' sub Menu List(Items) from Bedroom Menu
2020-08-14 16:52:28 14805 INFO  [main] - Verify actual 'Mattresses' text
2020-08-14 16:52:28 15116 INFO  [main] - verify 'Mattresses' sub Menu List(Items) from Bedroom Menu
2020-08-14 16:52:28 15186 INFO  [main] - Verify actual 'Storage & Accessories' text
2020-08-14 16:52:29 15524 INFO  [main] - verify 'Storage & Accessories' sub Menu List(Items) from Bedroom Menu
2020-08-14 16:52:29 15638 INFO  [main] - Verify actual 'Kids Bedroom' text
2020-08-14 16:52:29 15771 INFO  [main] - verify 'Kids Bedroom' sub Menu List(Items) from Bedroom Menu
2020-08-19 17:42:55 0 INFO  [main] - Open browser ,Entering appliction url and maximizing browser
2020-08-19 17:43:07 11277 INFO  [main] - Verify 'Bedroom' Menu is visible or not
2020-08-19 17:43:10 14466 INFO  [main] - Verify actual 'Beds' text
2020-08-19 17:43:11 15144 INFO  [main] - verify 'Beds' sub Menu List(Items) from Bedroom Menu
2020-08-19 17:43:11 15238 INFO  [main] - Verify actual 'Mattresses' text
2020-08-19 17:43:11 15598 INFO  [main] - verify 'Mattresses' sub Menu List(Items) from Bedroom Menu
2020-08-19 17:43:11 15686 INFO  [main] - Verify actual 'Storage & Accessories' text
2020-08-19 17:43:11 15999 INFO  [main] - verify 'Storage & Accessories' sub Menu List(Items) from Bedroom Menu
2020-08-19 17:43:12 16097 INFO  [main] - Verify actual 'Kids Bedroom' text
2020-08-19 17:43:12 16264 INFO  [main] - verify 'Kids Bedroom' sub Menu List(Items) from Bedroom Menu
2020-08-25 14:13:33 0 INFO  [main] - Open browser ,Entering appliction url and maximizing browser
2020-08-25 14:13:44 11309 INFO  [main] - Verify 'Bedroom' Menu is visible or not
2020-08-25 14:13:48 14461 INFO  [main] - Verify actual 'Beds' text
2020-08-25 14:13:48 15124 INFO  [main] - verify 'Beds' sub Menu List(Items) from Bedroom Menu
2020-08-25 14:13:48 15210 INFO  [main] - Verify actual 'Mattresses' text
2020-08-25 14:13:49 15540 INFO  [main] - verify 'Mattresses' sub Menu List(Items) from Bedroom Menu
2020-08-25 14:13:49 15616 INFO  [main] - Verify actual 'Storage & Accessories' text
2020-08-25 14:13:49 15888 INFO  [main] - verify 'Storage & Accessories' sub Menu List(Items) from Bedroom Menu
2020-08-25 14:13:49 16016 INFO  [main] - Verify actual 'Kids Bedroom' text
2020-08-25 14:13:49 16157 INFO  [main] - verify 'Kids Bedroom' sub Menu List(Items) from Bedroom Menu
2020-09-30 16:12:31 0 INFO  [main] - Open browser ,Entering appliction url and maximizing browser
2020-09-30 16:12:42 11126 INFO  [main] - Verify 'Bedroom' Menu is visible or not
2020-09-30 16:12:45 14220 INFO  [main] - Verify actual 'Beds' text
2020-09-30 16:12:46 14939 INFO  [main] - verify 'Beds' sub Menu List(Items) from Bedroom Menu
2020-09-30 16:12:46 15035 INFO  [main] - Verify actual 'Mattresses' text
2020-09-30 16:12:46 15325 INFO  [main] - verify 'Mattresses' sub Menu List(Items) from Bedroom Menu
2020-09-30 16:12:46 15404 INFO  [main] - Verify actual 'Storage & Accessories' text
2020-09-30 16:12:47 15732 INFO  [main] - verify 'Storage & Accessories' sub Menu List(Items) from Bedroom Menu
2020-09-30 16:12:47 15807 INFO  [main] - Verify actual 'Kids Bedroom' text
2020-09-30 16:12:47 15923 INFO  [main] - verify 'Kids Bedroom' sub Menu List(Items) from Bedroom Menu
2020-09-30 16:51:19 0 INFO  [main] - Open browser ,Entering appliction url and maximizing browser
2020-09-30 16:51:30 10884 INFO  [main] - Verify 'Bedroom' Menu is visible or not
2020-09-30 16:51:33 13958 INFO  [main] - Verify actual 'Beds' text
2020-09-30 16:51:34 14524 INFO  [main] - verify 'Beds' sub Menu List(Items) from Bedroom Menu
2020-09-30 16:51:34 14591 INFO  [main] - Verify actual 'Mattresses' text
2020-09-30 16:51:34 14854 INFO  [main] - verify 'Mattresses' sub Menu List(Items) from Bedroom Menu
2020-09-30 16:51:34 14927 INFO  [main] - Verify actual 'Storage & Accessories' text
2020-09-30 16:51:34 15160 INFO  [main] - verify 'Storage & Accessories' sub Menu List(Items) from Bedroom Menu
2020-09-30 16:51:35 15255 INFO  [main] - Verify actual 'Kids Bedroom' text
2020-09-30 16:51:35 15404 INFO  [main] - verify 'Kids Bedroom' sub Menu List(Items) from Bedroom Menu
2020-09-30 16:54:20 1 INFO  [main] - Open browser ,Entering appliction url and maximizing browser
2020-09-30 16:54:30 10881 INFO  [main] - Verify 'Bedroom' Menu is visible or not
2020-09-30 16:54:34 13957 INFO  [main] - Verify actual 'Beds' text
2020-09-30 16:54:34 14512 INFO  [main] - verify 'Beds' sub Menu List(Items) from Bedroom Menu
2020-09-30 16:54:34 14589 INFO  [main] - Verify actual 'Mattresses' text
2020-09-30 16:54:34 14853 INFO  [main] - verify 'Mattresses' sub Menu List(Items) from Bedroom Menu
2020-09-30 16:54:34 14934 INFO  [main] - Verify actual 'Storage & Accessories' text
2020-09-30 16:54:35 15174 INFO  [main] - verify 'Storage & Accessories' sub Menu List(Items) from Bedroom Menu
2020-09-30 16:54:35 15245 INFO  [main] - Verify actual 'Kids Bedroom' text
2020-09-30 16:54:35 15351 INFO  [main] - verify 'Kids Bedroom' sub Menu List(Items) from Bedroom Menu
2020-09-30 17:08:51 0 INFO  [main] - Open browser ,Entering appliction url and maximizing browser
2020-09-30 17:09:02 10791 INFO  [main] - Verify 'Bedroom' Menu is visible or not
2020-09-30 17:09:05 13869 INFO  [main] - Verify actual 'Beds' text
2020-09-30 17:09:05 14442 INFO  [main] - verify 'Beds' sub Menu List(Items) from Bedroom Menu
2020-09-30 17:09:06 14521 INFO  [main] - Verify actual 'Mattresses' text
2020-09-30 17:09:06 14780 INFO  [main] - verify 'Mattresses' sub Menu List(Items) from Bedroom Menu
2020-09-30 17:09:06 14853 INFO  [main] - Verify actual 'Storage & Accessories' text
2020-09-30 17:09:06 15087 INFO  [main] - verify 'Storage & Accessories' sub Menu List(Items) from Bedroom Menu
2020-09-30 17:09:06 15159 INFO  [main] - Verify actual 'Kids Bedroom' text
2020-09-30 17:09:06 15271 INFO  [main] - verify 'Kids Bedroom' sub Menu List(Items) from Bedroom Menu
2020-09-30 17:17:58 0 INFO  [main] - Open browser ,Entering appliction url and maximizing browser
2020-09-30 17:18:09 10769 INFO  [main] - Verify 'Bedroom' Menu is visible or not
2020-09-30 17:18:12 13842 INFO  [main] - Verify actual 'Beds' text
2020-09-30 17:18:13 14398 INFO  [main] - verify 'Beds' sub Menu List(Items) from Bedroom Menu
2020-09-30 17:18:13 14469 INFO  [main] - Verify actual 'Mattresses' text
2020-09-30 17:18:13 14736 INFO  [main] - verify 'Mattresses' sub Menu List(Items) from Bedroom Menu
2020-09-30 17:18:13 14808 INFO  [main] - Verify actual 'Storage & Accessories' text
2020-09-30 17:18:13 15042 INFO  [main] - verify 'Storage & Accessories' sub Menu List(Items) from Bedroom Menu
2020-09-30 17:18:13 15141 INFO  [main] - Verify actual 'Kids Bedroom' text
2020-09-30 17:18:13 15269 INFO  [main] - verify 'Kids Bedroom' sub Menu List(Items) from Bedroom Menu
2020-09-30 17:20:41 0 INFO  [main] - Open browser ,Entering appliction url and maximizing browser
2020-09-30 17:20:52 10831 INFO  [main] - Verify 'Bedroom' Menu is visible or not
2020-09-30 17:20:55 13902 INFO  [main] - Verify actual 'Beds' text
2020-09-30 17:20:55 14479 INFO  [main] - verify 'Beds' sub Menu List(Items) from Bedroom Menu
2020-09-30 17:20:55 14550 INFO  [main] - Verify actual 'Mattresses' text
2020-09-30 17:20:56 14823 INFO  [main] - verify 'Mattresses' sub Menu List(Items) from Bedroom Menu
2020-09-30 17:20:56 14894 INFO  [main] - Verify actual 'Storage & Accessories' text
2020-09-30 17:20:56 15130 INFO  [main] - verify 'Storage & Accessories' sub Menu List(Items) from Bedroom Menu
2020-09-30 17:20:56 15222 INFO  [main] - Verify actual 'Kids Bedroom' text
2020-09-30 17:20:56 15339 INFO  [main] - verify 'Kids Bedroom' sub Menu List(Items) from Bedroom Menu
2020-09-30 17:33:29 0 INFO  [main] - Open browser ,Entering appliction url and maximizing browser
2020-09-30 17:33:40 10960 INFO  [main] - Verify 'Bedroom' Menu is visible or not
2020-09-30 17:33:44 14056 INFO  [main] - Verify actual 'Beds' text
2020-09-30 17:33:44 14623 INFO  [main] - verify 'Beds' sub Menu List(Items) from Bedroom Menu
2020-09-30 17:33:44 14694 INFO  [main] - Verify actual 'Mattresses' text
2020-09-30 17:33:44 14957 INFO  [main] - verify 'Mattresses' sub Menu List(Items) from Bedroom Menu
2020-09-30 17:33:45 15024 INFO  [main] - Verify actual 'Storage & Accessories' text
2020-09-30 17:33:45 15261 INFO  [main] - verify 'Storage & Accessories' sub Menu List(Items) from Bedroom Menu
2020-09-30 17:33:45 15329 INFO  [main] - Verify actual 'Kids Bedroom' text
2020-09-30 17:33:45 15434 INFO  [main] - verify 'Kids Bedroom' sub Menu List(Items) from Bedroom Menu
2020-09-30 17:48:11 0 INFO  [main] - Open browser ,Entering appliction url and maximizing browser
2020-09-30 17:48:22 10779 INFO  [main] - Verify 'Bedroom' Menu is visible or not
2020-09-30 17:48:25 13848 INFO  [main] - Verify actual 'Beds' text
2020-09-30 17:48:26 14422 INFO  [main] - verify 'Beds' sub Menu List(Items) from Bedroom Menu
2020-09-30 17:48:26 14515 INFO  [main] - Verify actual 'Mattresses' text
2020-09-30 17:48:26 14806 INFO  [main] - verify 'Mattresses' sub Menu List(Items) from Bedroom Menu
2020-09-30 17:48:26 14874 INFO  [main] - Verify actual 'Storage & Accessories' text
2020-09-30 17:48:26 15112 INFO  [main] - verify 'Storage & Accessories' sub Menu List(Items) from Bedroom Menu
2020-09-30 17:48:26 15201 INFO  [main] - Verify actual 'Kids Bedroom' text
2020-09-30 17:48:27 15344 INFO  [main] - verify 'Kids Bedroom' sub Menu List(Items) from Bedroom Menu
2020-09-30 17:50:35 0 INFO  [main] - Open browser ,Entering appliction url and maximizing browser
2020-09-30 17:50:46 10815 INFO  [main] - Verify 'Bedroom' Menu is visible or not
2020-09-30 17:50:49 13887 INFO  [main] - Verify actual 'Beds' text
2020-09-30 17:50:50 14460 INFO  [main] - verify 'Beds' sub Menu List(Items) from Bedroom Menu
2020-09-30 17:50:50 14526 INFO  [main] - Verify actual 'Mattresses' text
2020-09-30 17:50:50 14800 INFO  [main] - verify 'Mattresses' sub Menu List(Items) from Bedroom Menu
2020-09-30 17:50:50 14868 INFO  [main] - Verify actual 'Storage & Accessories' text
2020-09-30 17:50:50 15104 INFO  [main] - verify 'Storage & Accessories' sub Menu List(Items) from Bedroom Menu
2020-09-30 17:50:50 15193 INFO  [main] - Verify actual 'Kids Bedroom' text
2020-09-30 17:50:50 15311 INFO  [main] - verify 'Kids Bedroom' sub Menu List(Items) from Bedroom Menu
